# JRE version: OpenJDK Runtime Environment Temurin-17.0.3+7 (17.0.3+7) (build 17.0.3+7)
# Java VM: OpenJDK 64-Bit Server VM Temurin-17.0.3+7 (17.0.3+7, mixed mode, emulated-client, tiered, compressed oops, compressed class ptrs, g1 gc, windows-amd64)
GC Precious Log:
 CPUs: 8 total, 8 available
 Memory: 6022M
 Large Page Support: Disabled
 NUMA Support: Disabled
 Compressed Oops: Enabled (32-bit)
 Heap Region Size: 1M
 Heap Min Capacity: 8M
 Heap Initial Capacity: 96M
 Heap Max Capacity: 1506M
 Pre-touch: Disabled
 Parallel Workers: 8
 Concurrent Workers: 2
 Concurrent Refinement Workers: 8
 Periodic GC: Disabled
Heap:
 garbage-first heap   total 98304K, used 63218K [0x00000000a1e00000, 0x0000000100000000)
  region size 1024K, 2 young (2048K), 2 survivors (2048K)
 Metaspace       used 34868K, committed 35200K, reserved 1081344K
  class space    used 4530K, committed 4672K, reserved 1048576K
GC Heap History (20 events):
Event: 4.849 GC heap after
{Heap after GC invocations=10 (full 0):
 garbage-first heap   total 58368K, used 21277K [0x00000000a1e00000, 0x0000000100000000)
  region size 1024K, 4 young (4096K), 4 survivors (4096K)
 Metaspace       used 33009K, committed 33280K, reserved 1081344K
  class space    used 4188K, committed 4288K, reserved 1048576K
}
Event: 5.029 GC heap before
{Heap before GC invocations=10 (full 0):
 garbage-first heap   total 58368K, used 40733K [0x00000000a1e00000, 0x0000000100000000)
  region size 1024K, 24 young (24576K), 4 survivors (4096K)
 Metaspace       used 33218K, committed 33536K, reserved 1081344K
  class space    used 4221K, committed 4352K, reserved 1048576K
}
Event: 5.036 GC heap after
{Heap after GC invocations=11 (full 0):
 garbage-first heap   total 58368K, used 25401K [0x00000000a1e00000, 0x0000000100000000)
  region size 1024K, 3 young (3072K), 3 survivors (3072K)
 Metaspace       used 33218K, committed 33536K, reserved 1081344K
  class space    used 4221K, committed 4352K, reserved 1048576K
}
Event: 5.164 GC heap before
{Heap before GC invocations=11 (full 0):
 garbage-first heap   total 58368K, used 42809K [0x00000000a1e00000, 0x0000000100000000)
  region size 1024K, 20 young (20480K), 3 survivors (3072K)
 Metaspace       used 33648K, committed 33920K, reserved 1081344K
  class space    used 4287K, committed 4416K, reserved 1048576K
}
Event: 5.170 GC heap after
{Heap after GC invocations=12 (full 0):
 garbage-first heap   total 58368K, used 29073K [0x00000000a1e00000, 0x0000000100000000)
  region size 1024K, 3 young (3072K), 3 survivors (3072K)
 Metaspace       used 33648K, committed 33920K, reserved 1081344K
  class space    used 4287K, committed 4416K, reserved 1048576K
}
Event: 5.262 GC heap before
{Heap before GC invocations=12 (full 0):
 garbage-first heap   total 58368K, used 43409K [0x00000000a1e00000, 0x0000000100000000)
  region size 1024K, 17 young (17408K), 3 survivors (3072K)
 Metaspace       used 34025K, committed 34304K, reserved 1081344K
  class space    used 4345K, committed 4480K, reserved 1048576K
}
Event: 5.267 GC heap after
{Heap after GC invocations=13 (full 0):
 garbage-first heap   total 72704K, used 31569K [0x00000000a1e00000, 0x0000000100000000)
  region size 1024K, 3 young (3072K), 3 survivors (3072K)
 Metaspace       used 34025K, committed 34304K, reserved 1081344K
  class space    used 4345K, committed 4480K, reserved 1048576K
}
Event: 5.418 GC heap before
{Heap before GC invocations=14 (full 0):
 garbage-first heap   total 72704K, used 53073K [0x00000000a1e00000, 0x0000000100000000)
  region size 1024K, 24 young (24576K), 3 survivors (3072K)
 Metaspace       used 34439K, committed 34752K, reserved 1081344K
  class space    used 4447K, committed 4608K, reserved 1048576K
}
Event: 5.424 GC heap after
{Heap after GC invocations=15 (full 0):
 garbage-first heap   total 72704K, used 35111K [0x00000000a1e00000, 0x0000000100000000)
  region size 1024K, 3 young (3072K), 3 survivors (3072K)
 Metaspace       used 34439K, committed 34752K, reserved 1081344K
  class space    used 4447K, committed 4608K, reserved 1048576K
}
Event: 5.508 GC heap before
{Heap before GC invocations=15 (full 0):
 garbage-first heap   total 72704K, used 54567K [0x00000000a1e00000, 0x0000000100000000)
  region size 1024K, 22 young (22528K), 3 survivors (3072K)
 Metaspace       used 34543K, committed 34816K, reserved 1081344K
  class space    used 4479K, committed 4608K, reserved 1048576K
}
Event: 5.517 GC heap after
{Heap after GC invocations=16 (full 0):
 garbage-first heap   total 72704K, used 41523K [0x00000000a1e00000, 0x0000000100000000)
  region size 1024K, 3 young (3072K), 3 survivors (3072K)
 Metaspace       used 34543K, committed 34816K, reserved 1081344K
  class space    used 4479K, committed 4608K, reserved 1048576K
}
Event: 5.621 GC heap before
{Heap before GC invocations=16 (full 0):
 garbage-first heap   total 87040K, used 54835K [0x00000000a1e00000, 0x0000000100000000)
  region size 1024K, 16 young (16384K), 3 survivors (3072K)
 Metaspace       used 34777K, committed 35072K, reserved 1081344K
  class space    used 4521K, committed 4672K, reserved 1048576K
}
Event: 5.629 GC heap after
{Heap after GC invocations=17 (full 0):
 garbage-first heap   total 87040K, used 44543K [0x00000000a1e00000, 0x0000000100000000)
  region size 1024K, 2 young (2048K), 2 survivors (2048K)
 Metaspace       used 34777K, committed 35072K, reserved 1081344K
  class space    used 4521K, committed 4672K, reserved 1048576K
}
Event: 6.123 GC heap before
{Heap before GC invocations=18 (full 0):
 garbage-first heap   total 87040K, used 58879K [0x00000000a1e00000, 0x0000000100000000)
  region size 1024K, 18 young (18432K), 2 survivors (2048K)
 Metaspace       used 34777K, committed 35072K, reserved 1081344K
  class space    used 4521K, committed 4672K, reserved 1048576K
}
Event: 6.129 GC heap after
{Heap after GC invocations=19 (full 0):
 garbage-first heap   total 87040K, used 48690K [0x00000000a1e00000, 0x0000000100000000)
  region size 1024K, 3 young (3072K), 3 survivors (3072K)
 Metaspace       used 34777K, committed 35072K, reserved 1081344K
  class space    used 4521K, committed 4672K, reserved 1048576K
}
Event: 6.273 GC heap before
{Heap before GC invocations=20 (full 0):
 garbage-first heap   total 96256K, used 67122K [0x00000000a1e00000, 0x0000000100000000)
  region size 1024K, 19 young (19456K), 3 survivors (3072K)
 Metaspace       used 34779K, committed 35072K, reserved 1081344K
  class space    used 4521K, committed 4672K, reserved 1048576K
}
Event: 6.284 GC heap after
{Heap after GC invocations=21 (full 0):
 garbage-first heap   total 96256K, used 58880K [0x00000000a1e00000, 0x0000000100000000)
  region size 1024K, 3 young (3072K), 3 survivors (3072K)
 Metaspace       used 34779K, committed 35072K, reserved 1081344K
  class space    used 4521K, committed 4672K, reserved 1048576K
}
Event: 6.288 GC heap before
{Heap before GC invocations=21 (full 0):
 garbage-first heap   total 96256K, used 59904K [0x00000000a1e00000, 0x0000000100000000)
  region size 1024K, 4 young (4096K), 3 survivors (3072K)
 Metaspace       used 34779K, committed 35072K, reserved 1081344K
  class space    used 4521K, committed 4672K, reserved 1048576K
}
Event: 6.293 GC heap after
{Heap after GC invocations=22 (full 0):
 garbage-first heap   total 96256K, used 59731K [0x00000000a1e00000, 0x0000000100000000)
  region size 1024K, 1 young (1024K), 1 survivors (1024K)
 Metaspace       used 34779K, committed 35072K, reserved 1081344K
  class space    used 4521K, committed 4672K, reserved 1048576K
}
Event: 6.329 GC heap before
{Heap before GC invocations=22 (full 0):
 garbage-first heap   total 96256K, used 70995K [0x00000000a1e00000, 0x0000000100000000)
  region size 1024K, 13 young (13312K), 1 survivors (1024K)
 Metaspace       used 34868K, committed 35200K, reserved 1081344K
  class space    used 4530K, committed 4672K, reserved 1048576K
}

