# JRE version: OpenJDK Runtime Environment Temurin-17.0.3+7 (17.0.3+7) (build 17.0.3+7)
# Java VM: OpenJDK 64-Bit Server VM Temurin-17.0.3+7 (17.0.3+7, mixed mode, emulated-client, tiered, compressed oops, compressed class ptrs, g1 gc, windows-amd64)
GC Precious Log:
 CPUs: 8 total, 8 available
 Memory: 6022M
 Large Page Support: Disabled
 NUMA Support: Disabled
 Compressed Oops: Enabled (32-bit)
 Heap Region Size: 1M
 Heap Min Capacity: 8M
 Heap Initial Capacity: 96M
 Heap Max Capacity: 1506M
 Pre-touch: Disabled
 Parallel Workers: 8
 Concurrent Workers: 2
 Concurrent Refinement Workers: 8
 Periodic GC: Disabled
Heap:
 garbage-first heap   total 98304K, used 63772K [0x00000000a1e00000, 0x0000000100000000)
  region size 1024K, 1 young (1024K), 1 survivors (1024K)
 Metaspace       used 34863K, committed 35200K, reserved 1081344K
  class space    used 4530K, committed 4672K, reserved 1048576K
GC Heap History (20 events):
Event: 9.542 GC heap after
{Heap after GC invocations=13 (full 0):
 garbage-first heap   total 59392K, used 29430K [0x00000000a1e00000, 0x0000000100000000)
  region size 1024K, 3 young (3072K), 3 survivors (3072K)
 Metaspace       used 33507K, committed 33856K, reserved 1081344K
  class space    used 4261K, committed 4416K, reserved 1048576K
}
Event: 9.636 GC heap before
{Heap before GC invocations=13 (full 0):
 garbage-first heap   total 59392K, used 44790K [0x00000000a1e00000, 0x0000000100000000)
  region size 1024K, 18 young (18432K), 3 survivors (3072K)
 Metaspace       used 33692K, committed 34048K, reserved 1081344K
  class space    used 4292K, committed 4480K, reserved 1048576K
}
Event: 9.641 GC heap after
{Heap after GC invocations=14 (full 0):
 garbage-first heap   total 59392K, used 32271K [0x00000000a1e00000, 0x0000000100000000)
  region size 1024K, 3 young (3072K), 3 survivors (3072K)
 Metaspace       used 33692K, committed 34048K, reserved 1081344K
  class space    used 4292K, committed 4480K, reserved 1048576K
}
Event: 9.722 GC heap before
{Heap before GC invocations=14 (full 0):
 garbage-first heap   total 59392K, used 44559K [0x00000000a1e00000, 0x0000000100000000)
  region size 1024K, 16 young (16384K), 3 survivors (3072K)
 Metaspace       used 33696K, committed 34048K, reserved 1081344K
  class space    used 4292K, committed 4480K, reserved 1048576K
}
Event: 9.727 GC heap after
{Heap after GC invocations=15 (full 0):
 garbage-first heap   total 76800K, used 34772K [0x00000000a1e00000, 0x0000000100000000)
  region size 1024K, 2 young (2048K), 2 survivors (2048K)
 Metaspace       used 33696K, committed 34048K, reserved 1081344K
  class space    used 4292K, committed 4480K, reserved 1048576K
}
Event: 9.890 GC heap before
{Heap before GC invocations=16 (full 0):
 garbage-first heap   total 76800K, used 58324K [0x00000000a1e00000, 0x0000000100000000)
  region size 1024K, 25 young (25600K), 2 survivors (2048K)
 Metaspace       used 33696K, committed 34048K, reserved 1081344K
  class space    used 4292K, committed 4480K, reserved 1048576K
}
Event: 9.901 GC heap after
{Heap after GC invocations=17 (full 0):
 garbage-first heap   total 76800K, used 42057K [0x00000000a1e00000, 0x0000000100000000)
  region size 1024K, 4 young (4096K), 4 survivors (4096K)
 Metaspace       used 33696K, committed 34048K, reserved 1081344K
  class space    used 4292K, committed 4480K, reserved 1048576K
}
Event: 10.176 GC heap before
{Heap before GC invocations=17 (full 0):
 garbage-first heap   total 76800K, used 56393K [0x00000000a1e00000, 0x0000000100000000)
  region size 1024K, 19 young (19456K), 4 survivors (4096K)
 Metaspace       used 33760K, committed 34112K, reserved 1081344K
  class space    used 4310K, committed 4480K, reserved 1048576K
}
Event: 10.185 GC heap after
{Heap after GC invocations=18 (full 0):
 garbage-first heap   total 76800K, used 46185K [0x00000000a1e00000, 0x0000000100000000)
  region size 1024K, 3 young (3072K), 3 survivors (3072K)
 Metaspace       used 33760K, committed 34112K, reserved 1081344K
  class space    used 4310K, committed 4480K, reserved 1048576K
}
Event: 10.989 GC heap before
{Heap before GC invocations=19 (full 0):
 garbage-first heap   total 83968K, used 58473K [0x00000000a1e00000, 0x0000000100000000)
  region size 1024K, 16 young (16384K), 3 survivors (3072K)
 Metaspace       used 34771K, committed 35072K, reserved 1081344K
  class space    used 4519K, committed 4672K, reserved 1048576K
}
Event: 10.993 GC heap after
{Heap after GC invocations=20 (full 0):
 garbage-first heap   total 83968K, used 48015K [0x00000000a1e00000, 0x0000000100000000)
  region size 1024K, 2 young (2048K), 2 survivors (2048K)
 Metaspace       used 34771K, committed 35072K, reserved 1081344K
  class space    used 4519K, committed 4672K, reserved 1048576K
}
Event: 11.033 GC heap before
{Heap before GC invocations=20 (full 0):
 garbage-first heap   total 83968K, used 49039K [0x00000000a1e00000, 0x0000000100000000)
  region size 1024K, 5 young (5120K), 2 survivors (2048K)
 Metaspace       used 34771K, committed 35072K, reserved 1081344K
  class space    used 4519K, committed 4672K, reserved 1048576K
}
Event: 11.036 GC heap after
{Heap after GC invocations=21 (full 0):
 garbage-first heap   total 83968K, used 48801K [0x00000000a1e00000, 0x0000000100000000)
  region size 1024K, 3 young (3072K), 3 survivors (3072K)
 Metaspace       used 34771K, committed 35072K, reserved 1081344K
  class space    used 4519K, committed 4672K, reserved 1048576K
}
Event: 11.216 GC heap before
{Heap before GC invocations=22 (full 0):
 garbage-first heap   total 97280K, used 64161K [0x00000000a1e00000, 0x0000000100000000)
  region size 1024K, 18 young (18432K), 3 survivors (3072K)
 Metaspace       used 34773K, committed 35072K, reserved 1081344K
  class space    used 4520K, committed 4672K, reserved 1048576K
}
Event: 11.226 GC heap after
{Heap after GC invocations=23 (full 0):
 garbage-first heap   total 97280K, used 57363K [0x00000000a1e00000, 0x0000000100000000)
  region size 1024K, 3 young (3072K), 3 survivors (3072K)
 Metaspace       used 34773K, committed 35072K, reserved 1081344K
  class space    used 4520K, committed 4672K, reserved 1048576K
}
Event: 11.234 GC heap before
{Heap before GC invocations=23 (full 0):
 garbage-first heap   total 97280K, used 59411K [0x00000000a1e00000, 0x0000000100000000)
  region size 1024K, 4 young (4096K), 3 survivors (3072K)
 Metaspace       used 34773K, committed 35072K, reserved 1081344K
  class space    used 4520K, committed 4672K, reserved 1048576K
}
Event: 11.239 GC heap after
{Heap after GC invocations=24 (full 0):
 garbage-first heap   total 97280K, used 58975K [0x00000000a1e00000, 0x0000000100000000)
  region size 1024K, 1 young (1024K), 1 survivors (1024K)
 Metaspace       used 34773K, committed 35072K, reserved 1081344K
  class space    used 4520K, committed 4672K, reserved 1048576K
}
Event: 11.291 GC heap before
{Heap before GC invocations=24 (full 0):
 garbage-first heap   total 97280K, used 72287K [0x00000000a1e00000, 0x0000000100000000)
  region size 1024K, 15 young (15360K), 1 survivors (1024K)
 Metaspace       used 34863K, committed 35200K, reserved 1081344K
  class space    used 4530K, committed 4672K, reserved 1048576K
}
Event: 11.322 GC heap after
{Heap after GC invocations=25 (full 0):
 garbage-first heap   total 97280K, used 62783K [0x00000000a1e00000, 0x0000000100000000)
  region size 1024K, 2 young (2048K), 2 survivors (2048K)
 Metaspace       used 34863K, committed 35200K, reserved 1081344K
  class space    used 4530K, committed 4672K, reserved 1048576K
}
Event: 11.349 GC heap before
{Heap before GC invocations=25 (full 0):
 garbage-first heap   total 97280K, used 74047K [0x00000000a1e00000, 0x0000000100000000)
  region size 1024K, 14 young (14336K), 2 survivors (2048K)
 Metaspace       used 34863K, committed 35200K, reserved 1081344K
  class space    used 4530K, committed 4672K, reserved 1048576K
}

