# JRE version: OpenJDK Runtime Environment Temurin-17.0.3+7 (17.0.3+7) (build 17.0.3+7)
# Java VM: OpenJDK 64-Bit Server VM Temurin-17.0.3+7 (17.0.3+7, mixed mode, emulated-client, tiered, compressed oops, compressed class ptrs, g1 gc, windows-amd64)
GC Precious Log:
 CPUs: 8 total, 8 available
 Memory: 6022M
 Large Page Support: Disabled
 NUMA Support: Disabled
 Compressed Oops: Enabled (32-bit)
 Heap Region Size: 1M
 Heap Min Capacity: 8M
 Heap Initial Capacity: 96M
 Heap Max Capacity: 1506M
 Pre-touch: Disabled
 Parallel Workers: 8
 Concurrent Workers: 2
 Concurrent Refinement Workers: 8
 Periodic GC: Disabled
Heap:
 garbage-first heap   total 81920K, used 46962K [0x00000000a1e00000, 0x0000000100000000)
  region size 1024K, 2 young (2048K), 2 survivors (2048K)
 Metaspace       used 34777K, committed 35072K, reserved 1081344K
  class space    used 4520K, committed 4672K, reserved 1048576K
GC Heap History (20 events):
Event: 5.074 GC heap after
{Heap after GC invocations=9 (full 0):
 garbage-first heap   total 54272K, used 19364K [0x00000000a1e00000, 0x0000000100000000)
  region size 1024K, 3 young (3072K), 3 survivors (3072K)
 Metaspace       used 32878K, committed 33152K, reserved 1081344K
  class space    used 4169K, committed 4288K, reserved 1048576K
}
Event: 5.516 GC heap before
{Heap before GC invocations=9 (full 0):
 garbage-first heap   total 54272K, used 37796K [0x00000000a1e00000, 0x0000000100000000)
  region size 1024K, 22 young (22528K), 3 survivors (3072K)
 Metaspace       used 33346K, committed 33600K, reserved 1081344K
  class space    used 4239K, committed 4352K, reserved 1048576K
}
Event: 5.523 GC heap after
{Heap after GC invocations=10 (full 0):
 garbage-first heap   total 54272K, used 22904K [0x00000000a1e00000, 0x0000000100000000)
  region size 1024K, 3 young (3072K), 3 survivors (3072K)
 Metaspace       used 33346K, committed 33600K, reserved 1081344K
  class space    used 4239K, committed 4352K, reserved 1048576K
}
Event: 5.777 GC heap before
{Heap before GC invocations=10 (full 0):
 garbage-first heap   total 54272K, used 38264K [0x00000000a1e00000, 0x0000000100000000)
  region size 1024K, 19 young (19456K), 3 survivors (3072K)
 Metaspace       used 33578K, committed 33792K, reserved 1081344K
  class space    used 4276K, committed 4352K, reserved 1048576K
}
Event: 5.782 GC heap after
{Heap after GC invocations=11 (full 0):
 garbage-first heap   total 54272K, used 26329K [0x00000000a1e00000, 0x0000000100000000)
  region size 1024K, 3 young (3072K), 3 survivors (3072K)
 Metaspace       used 33578K, committed 33792K, reserved 1081344K
  class space    used 4276K, committed 4352K, reserved 1048576K
}
Event: 5.912 GC heap before
{Heap before GC invocations=11 (full 0):
 garbage-first heap   total 54272K, used 39641K [0x00000000a1e00000, 0x0000000100000000)
  region size 1024K, 16 young (16384K), 3 survivors (3072K)
 Metaspace       used 34264K, committed 34560K, reserved 1081344K
  class space    used 4389K, committed 4544K, reserved 1048576K
}
Event: 5.917 GC heap after
{Heap after GC invocations=12 (full 0):
 garbage-first heap   total 54272K, used 28857K [0x00000000a1e00000, 0x0000000100000000)
  region size 1024K, 2 young (2048K), 2 survivors (2048K)
 Metaspace       used 34264K, committed 34560K, reserved 1081344K
  class space    used 4389K, committed 4544K, reserved 1048576K
}
Event: 6.000 GC heap before
{Heap before GC invocations=12 (full 0):
 garbage-first heap   total 54272K, used 41145K [0x00000000a1e00000, 0x0000000100000000)
  region size 1024K, 14 young (14336K), 2 survivors (2048K)
 Metaspace       used 34433K, committed 34752K, reserved 1081344K
  class space    used 4434K, committed 4608K, reserved 1048576K
}
Event: 6.004 GC heap after
{Heap after GC invocations=13 (full 0):
 garbage-first heap   total 65536K, used 31152K [0x00000000a1e00000, 0x0000000100000000)
  region size 1024K, 2 young (2048K), 2 survivors (2048K)
 Metaspace       used 34433K, committed 34752K, reserved 1081344K
  class space    used 4434K, committed 4608K, reserved 1048576K
}
Event: 6.111 GC heap before
{Heap before GC invocations=14 (full 0):
 garbage-first heap   total 65536K, used 48560K [0x00000000a1e00000, 0x0000000100000000)
  region size 1024K, 19 young (19456K), 2 survivors (2048K)
 Metaspace       used 34716K, committed 35008K, reserved 1081344K
  class space    used 4506K, committed 4672K, reserved 1048576K
}
Event: 6.116 GC heap after
{Heap after GC invocations=15 (full 0):
 garbage-first heap   total 65536K, used 34149K [0x00000000a1e00000, 0x0000000100000000)
  region size 1024K, 3 young (3072K), 3 survivors (3072K)
 Metaspace       used 34716K, committed 35008K, reserved 1081344K
  class space    used 4506K, committed 4672K, reserved 1048576K
}
Event: 6.191 GC heap before
{Heap before GC invocations=15 (full 0):
 garbage-first heap   total 65536K, used 49509K [0x00000000a1e00000, 0x0000000100000000)
  region size 1024K, 18 young (18432K), 3 survivors (3072K)
 Metaspace       used 34777K, committed 35072K, reserved 1081344K
  class space    used 4520K, committed 4672K, reserved 1048576K
}
Event: 6.198 GC heap after
{Heap after GC invocations=16 (full 0):
 garbage-first heap   total 65536K, used 37407K [0x00000000a1e00000, 0x0000000100000000)
  region size 1024K, 3 young (3072K), 3 survivors (3072K)
 Metaspace       used 34777K, committed 35072K, reserved 1081344K
  class space    used 4520K, committed 4672K, reserved 1048576K
}
Event: 6.246 GC heap before
{Heap before GC invocations=16 (full 0):
 garbage-first heap   total 65536K, used 50719K [0x00000000a1e00000, 0x0000000100000000)
  region size 1024K, 16 young (16384K), 3 survivors (3072K)
 Metaspace       used 34777K, committed 35072K, reserved 1081344K
  class space    used 4520K, committed 4672K, reserved 1048576K
}
Event: 6.256 GC heap after
{Heap after GC invocations=17 (full 0):
 garbage-first heap   total 65536K, used 42544K [0x00000000a1e00000, 0x0000000100000000)
  region size 1024K, 2 young (2048K), 2 survivors (2048K)
 Metaspace       used 34777K, committed 35072K, reserved 1081344K
  class space    used 4520K, committed 4672K, reserved 1048576K
}
Event: 6.322 GC heap before
{Heap before GC invocations=18 (full 0):
 garbage-first heap   total 73728K, used 50736K [0x00000000a1e00000, 0x0000000100000000)
  region size 1024K, 10 young (10240K), 2 survivors (2048K)
 Metaspace       used 34777K, committed 35072K, reserved 1081344K
  class space    used 4520K, committed 4672K, reserved 1048576K
}
Event: 6.327 GC heap after
{Heap after GC invocations=19 (full 0):
 garbage-first heap   total 73728K, used 44804K [0x00000000a1e00000, 0x0000000100000000)
  region size 1024K, 2 young (2048K), 2 survivors (2048K)
 Metaspace       used 34777K, committed 35072K, reserved 1081344K
  class space    used 4520K, committed 4672K, reserved 1048576K
}
Event: 6.333 GC heap before
{Heap before GC invocations=19 (full 0):
 garbage-first heap   total 73728K, used 45828K [0x00000000a1e00000, 0x0000000100000000)
  region size 1024K, 3 young (3072K), 2 survivors (2048K)
 Metaspace       used 34777K, committed 35072K, reserved 1081344K
  class space    used 4520K, committed 4672K, reserved 1048576K
}
Event: 6.336 GC heap after
{Heap after GC invocations=20 (full 0):
 garbage-first heap   total 73728K, used 44267K [0x00000000a1e00000, 0x0000000100000000)
  region size 1024K, 1 young (1024K), 1 survivors (1024K)
 Metaspace       used 34777K, committed 35072K, reserved 1081344K
  class space    used 4520K, committed 4672K, reserved 1048576K
}
Event: 6.439 GC heap before
{Heap before GC invocations=20 (full 0):
 garbage-first heap   total 73728K, used 56555K [0x00000000a1e00000, 0x0000000100000000)
  region size 1024K, 13 young (13312K), 1 survivors (1024K)
 Metaspace       used 34777K, committed 35072K, reserved 1081344K
  class space    used 4520K, committed 4672K, reserved 1048576K
}

