# JRE version: OpenJDK Runtime Environment Temurin-17.0.3+7 (17.0.3+7) (build 17.0.3+7)
# Java VM: OpenJDK 64-Bit Server VM Temurin-17.0.3+7 (17.0.3+7, mixed mode, emulated-client, tiered, compressed oops, compressed class ptrs, g1 gc, windows-amd64)
GC Precious Log:
 CPUs: 8 total, 8 available
 Memory: 6022M
 Large Page Support: Disabled
 NUMA Support: Disabled
 Compressed Oops: Enabled (32-bit)
 Heap Region Size: 1M
 Heap Min Capacity: 8M
 Heap Initial Capacity: 96M
 Heap Max Capacity: 1506M
 Pre-touch: Disabled
 Parallel Workers: 8
 Concurrent Workers: 2
 Concurrent Refinement Workers: 8
 Periodic GC: Disabled
Heap:
 garbage-first heap   total 109568K, used 34303K [0x00000000a1e00000, 0x0000000100000000)
  region size 1024K, 1 young (1024K), 0 survivors (0K)
 Metaspace       used 51881K, committed 52288K, reserved 1097728K
  class space    used 6836K, committed 7040K, reserved 1048576K
GC Heap History (20 events):
Event: 83966.163 GC heap before
{Heap before GC invocations=2483 (full 2442):
 garbage-first heap   total 109568K, used 34303K [0x00000000a1e00000, 0x0000000100000000)
  region size 1024K, 1 young (1024K), 0 survivors (0K)
 Metaspace       used 51881K, committed 52288K, reserved 1097728K
  class space    used 6836K, committed 7040K, reserved 1048576K
}
Event: 83966.258 GC heap after
{Heap after GC invocations=2484 (full 2443):
 garbage-first heap   total 109568K, used 34303K [0x00000000a1e00000, 0x0000000100000000)
  region size 1024K, 0 young (0K), 0 survivors (0K)
 Metaspace       used 51881K, committed 52288K, reserved 1097728K
  class space    used 6836K, committed 7040K, reserved 1048576K
}
Event: 83977.189 GC heap before
{Heap before GC invocations=2484 (full 2443):
 garbage-first heap   total 109568K, used 34303K [0x00000000a1e00000, 0x0000000100000000)
  region size 1024K, 1 young (1024K), 0 survivors (0K)
 Metaspace       used 51881K, committed 52288K, reserved 1097728K
  class space    used 6836K, committed 7040K, reserved 1048576K
}
Event: 83977.299 GC heap after
{Heap after GC invocations=2485 (full 2444):
 garbage-first heap   total 109568K, used 34303K [0x00000000a1e00000, 0x0000000100000000)
  region size 1024K, 0 young (0K), 0 survivors (0K)
 Metaspace       used 51881K, committed 52288K, reserved 1097728K
  class space    used 6836K, committed 7040K, reserved 1048576K
}
Event: 83988.574 GC heap before
{Heap before GC invocations=2485 (full 2444):
 garbage-first heap   total 109568K, used 34303K [0x00000000a1e00000, 0x0000000100000000)
  region size 1024K, 1 young (1024K), 0 survivors (0K)
 Metaspace       used 51881K, committed 52288K, reserved 1097728K
  class space    used 6836K, committed 7040K, reserved 1048576K
}
Event: 83988.688 GC heap after
{Heap after GC invocations=2486 (full 2445):
 garbage-first heap   total 109568K, used 34303K [0x00000000a1e00000, 0x0000000100000000)
  region size 1024K, 0 young (0K), 0 survivors (0K)
 Metaspace       used 51881K, committed 52288K, reserved 1097728K
  class space    used 6836K, committed 7040K, reserved 1048576K
}
Event: 84000.265 GC heap before
{Heap before GC invocations=2486 (full 2445):
 garbage-first heap   total 109568K, used 34303K [0x00000000a1e00000, 0x0000000100000000)
  region size 1024K, 1 young (1024K), 0 survivors (0K)
 Metaspace       used 51881K, committed 52288K, reserved 1097728K
  class space    used 6836K, committed 7040K, reserved 1048576K
}
Event: 84000.363 GC heap after
{Heap after GC invocations=2487 (full 2446):
 garbage-first heap   total 109568K, used 34303K [0x00000000a1e00000, 0x0000000100000000)
  region size 1024K, 0 young (0K), 0 survivors (0K)
 Metaspace       used 51881K, committed 52288K, reserved 1097728K
  class space    used 6836K, committed 7040K, reserved 1048576K
}
Event: 84012.352 GC heap before
{Heap before GC invocations=2487 (full 2446):
 garbage-first heap   total 109568K, used 34303K [0x00000000a1e00000, 0x0000000100000000)
  region size 1024K, 1 young (1024K), 0 survivors (0K)
 Metaspace       used 51881K, committed 52288K, reserved 1097728K
  class space    used 6836K, committed 7040K, reserved 1048576K
}
Event: 84012.475 GC heap after
{Heap after GC invocations=2488 (full 2447):
 garbage-first heap   total 109568K, used 34303K [0x00000000a1e00000, 0x0000000100000000)
  region size 1024K, 0 young (0K), 0 survivors (0K)
 Metaspace       used 51881K, committed 52288K, reserved 1097728K
  class space    used 6836K, committed 7040K, reserved 1048576K
}
Event: 84024.188 GC heap before
{Heap before GC invocations=2488 (full 2447):
 garbage-first heap   total 109568K, used 34303K [0x00000000a1e00000, 0x0000000100000000)
  region size 1024K, 1 young (1024K), 0 survivors (0K)
 Metaspace       used 51881K, committed 52288K, reserved 1097728K
  class space    used 6836K, committed 7040K, reserved 1048576K
}
Event: 84024.306 GC heap after
{Heap after GC invocations=2489 (full 2448):
 garbage-first heap   total 109568K, used 34303K [0x00000000a1e00000, 0x0000000100000000)
  region size 1024K, 0 young (0K), 0 survivors (0K)
 Metaspace       used 51881K, committed 52288K, reserved 1097728K
  class space    used 6836K, committed 7040K, reserved 1048576K
}
Event: 84035.915 GC heap before
{Heap before GC invocations=2489 (full 2448):
 garbage-first heap   total 109568K, used 34303K [0x00000000a1e00000, 0x0000000100000000)
  region size 1024K, 1 young (1024K), 0 survivors (0K)
 Metaspace       used 51881K, committed 52288K, reserved 1097728K
  class space    used 6836K, committed 7040K, reserved 1048576K
}
Event: 84036.016 GC heap after
{Heap after GC invocations=2490 (full 2449):
 garbage-first heap   total 109568K, used 34303K [0x00000000a1e00000, 0x0000000100000000)
  region size 1024K, 0 young (0K), 0 survivors (0K)
 Metaspace       used 51881K, committed 52288K, reserved 1097728K
  class space    used 6836K, committed 7040K, reserved 1048576K
}
Event: 84046.951 GC heap before
{Heap before GC invocations=2490 (full 2449):
 garbage-first heap   total 109568K, used 34303K [0x00000000a1e00000, 0x0000000100000000)
  region size 1024K, 1 young (1024K), 0 survivors (0K)
 Metaspace       used 51881K, committed 52288K, reserved 1097728K
  class space    used 6836K, committed 7040K, reserved 1048576K
}
Event: 84047.053 GC heap after
{Heap after GC invocations=2491 (full 2450):
 garbage-first heap   total 109568K, used 34303K [0x00000000a1e00000, 0x0000000100000000)
  region size 1024K, 0 young (0K), 0 survivors (0K)
 Metaspace       used 51881K, committed 52288K, reserved 1097728K
  class space    used 6836K, committed 7040K, reserved 1048576K
}
Event: 84058.300 GC heap before
{Heap before GC invocations=2491 (full 2450):
 garbage-first heap   total 109568K, used 34303K [0x00000000a1e00000, 0x0000000100000000)
  region size 1024K, 1 young (1024K), 0 survivors (0K)
 Metaspace       used 51881K, committed 52288K, reserved 1097728K
  class space    used 6836K, committed 7040K, reserved 1048576K
}
Event: 84058.408 GC heap after
{Heap after GC invocations=2492 (full 2451):
 garbage-first heap   total 109568K, used 34303K [0x00000000a1e00000, 0x0000000100000000)
  region size 1024K, 0 young (0K), 0 survivors (0K)
 Metaspace       used 51881K, committed 52288K, reserved 1097728K
  class space    used 6836K, committed 7040K, reserved 1048576K
}
Event: 84071.759 GC heap before
{Heap before GC invocations=2492 (full 2451):
 garbage-first heap   total 109568K, used 34303K [0x00000000a1e00000, 0x0000000100000000)
  region size 1024K, 1 young (1024K), 0 survivors (0K)
 Metaspace       used 51881K, committed 52288K, reserved 1097728K
  class space    used 6836K, committed 7040K, reserved 1048576K
}
Event: 84071.849 GC heap after
{Heap after GC invocations=2493 (full 2452):
 garbage-first heap   total 109568K, used 34303K [0x00000000a1e00000, 0x0000000100000000)
  region size 1024K, 0 young (0K), 0 survivors (0K)
 Metaspace       used 51881K, committed 52288K, reserved 1097728K
  class space    used 6836K, committed 7040K, reserved 1048576K
}

